Increment Time CutbackLevel Converged IterationsNeeded
 1 1.000000000000000E-003 0 T 1
 2 2.000000000000000E-003 0 T 1
 3 3.000000000000000E-003 0 T 1
 4 4.000000000000000E-003 0 T 1
 5 5.000000000000000E-003 0 T 1
 6 6.000000000000000E-003 0 T 1
 7 7.000000000000000E-003 0 T 1
 8 8.000000000000000E-003 0 T 1
 9 9.000000000000001E-003 0 T 1
 10 1.000000000000000E-002 0 T 1
 11 1.100000000000000E-002 0 T 1
 12 1.200000000000000E-002 0 T 1
 13 1.300000000000000E-002 0 T 1
 14 1.400000000000001E-002 0 T 1
 15 1.500000000000001E-002 0 T 1
 16 1.600000000000001E-002 0 T 1
 17 1.700000000000001E-002 0 T 1
 18 1.800000000000001E-002 0 T 1
 19 1.900000000000001E-002 0 T 1
 20 2.000000000000001E-002 0 T 1
 21 2.100000000000001E-002 0 T 1
 22 2.200000000000001E-002 0 T 1
 23 2.300000000000001E-002 0 T 1
 24 2.400000000000001E-002 0 T 1
 25 2.500000000000002E-002 0 T 1
 26 2.600000000000002E-002 0 T 1
 27 2.700000000000002E-002 0 T 1
 28 2.800000000000002E-002 0 T 1
 29 2.900000000000002E-002 0 T 1
 30 3.000000000000002E-002 0 T 1
 31 3.100000000000002E-002 0 T 1
 32 3.200000000000002E-002 0 T 1
 33 3.300000000000002E-002 0 T 1
 34 3.400000000000002E-002 0 T 1
 35 3.500000000000002E-002 0 T 1
 36 3.600000000000003E-002 0 T 1
 37 3.700000000000003E-002 0 T 1
 38 3.800000000000003E-002 0 T 1
 39 3.900000000000003E-002 0 T 1
 40 4.000000000000003E-002 0 T 1
 41 4.100000000000003E-002 0 T 1
 42 4.200000000000003E-002 0 T 1
 43 4.300000000000003E-002 0 T 1
 44 4.400000000000003E-002 0 T 1
 45 4.500000000000003E-002 0 T 1
 46 4.600000000000003E-002 0 T 1
 47 4.700000000000003E-002 0 T 1
 48 4.800000000000004E-002 0 T 1
 49 4.900000000000004E-002 0 T 1
 50 5.000000000000004E-002 0 T 1
 51 5.100000000000004E-002 0 T 1
 52 5.200000000000004E-002 0 T 1
 53 5.300000000000004E-002 0 T 1
 54 5.400000000000004E-002 0 T 1
 55 5.500000000000004E-002 0 T 1
 56 5.600000000000004E-002 0 T 1
 57 5.700000000000004E-002 0 T 1
 58 5.800000000000004E-002 0 T 1
 59 5.900000000000005E-002 0 T 1
 60 6.000000000000005E-002 0 T 1
 61 6.100000000000005E-002 0 T 1
 62 6.200000000000005E-002 0 T 1
 63 6.300000000000004E-002 0 T 1
 64 6.400000000000004E-002 0 T 1
 65 6.500000000000004E-002 0 T 1
 66 6.600000000000004E-002 0 T 1
 67 6.700000000000005E-002 0 T 1
 68 6.800000000000005E-002 0 T 1
 69 6.900000000000005E-002 0 T 1
 70 7.000000000000005E-002 0 T 1
 71 7.100000000000005E-002 0 T 1
 72 7.200000000000005E-002 0 T 1
 73 7.300000000000005E-002 0 T 1
 74 7.400000000000005E-002 0 T 1
 75 7.500000000000005E-002 0 T 1
 76 7.600000000000005E-002 0 T 1
 77 7.700000000000005E-002 0 T 1
 78 7.800000000000006E-002 0 T 1
 79 7.900000000000006E-002 0 T 1
 80 8.000000000000006E-002 0 T 1
 81 8.100000000000006E-002 0 T 1
 82 8.200000000000006E-002 0 T 1
 83 8.300000000000006E-002 0 T 1
 84 8.400000000000006E-002 0 T 1
 85 8.500000000000006E-002 0 T 1
 86 8.600000000000006E-002 0 T 1
 87 8.700000000000006E-002 0 T 1
 88 8.800000000000006E-002 0 T 1
 89 8.900000000000007E-002 0 T 1
 90 9.000000000000007E-002 0 T 1
 91 9.100000000000007E-002 0 T 1
 92 9.200000000000007E-002 0 T 1
 93 9.300000000000007E-002 0 T 1
 94 9.400000000000007E-002 0 T 1
 95 9.500000000000007E-002 0 T 1
 96 9.600000000000007E-002 0 T 1
 97 9.700000000000007E-002 0 T 1
 98 9.800000000000007E-002 0 T 1
 99 9.900000000000007E-002 0 T 1
 100 0.100000000000000 0 T 1
 101 0.111000000000000 0 T 1
 102 0.122000000000000 0 T 1
 103 0.133000000000000 0 T 1
 104 0.144000000000000 0 T 1
 105 0.155000000000000 0 T 1
 106 0.166000000000000 0 T 1
 107 0.177000000000000 0 T 1
 108 0.188000000000000 0 T 1
 109 0.199000000000000 0 T 1
 110 0.210000000000000 0 T 1
 111 0.221000000000000 0 T 1
 112 0.232000000000000 0 T 1
 113 0.243000000000000 0 T 1
 114 0.254000000000000 0 T 1
 115 0.265000000000000 0 T 1
 116 0.276000000000000 0 T 1
 117 0.287000000000000 0 T 1
 118 0.298000000000000 0 T 1
 119 0.309000000000000 0 T 1
 120 0.320000000000000 0 T 1
 121 0.331000000000000 0 T 1
 122 0.342000000000000 0 T 1
 123 0.353000000000000 0 T 1
 124 0.364000000000000 0 T 1
 125 0.375000000000000 0 T 1
 126 0.386000000000000 0 T 1
 127 0.397000000000000 0 T 1
 128 0.408000000000000 0 T 1
 129 0.419000000000000 0 T 1
 130 0.430000000000000 0 T 1
 131 0.441000000000000 0 T 1
 132 0.452000000000000 0 T 1
 133 0.463000000000000 0 T 1
 134 0.474000000000000 0 T 1
 135 0.485000000000000 0 T 1
 136 0.496000000000000 0 T 1
 137 0.507000000000000 0 T 1
 138 0.518000000000000 0 T 1
 139 0.529000000000000 0 T 1
 140 0.540000000000000 0 T 1
 141 0.551000000000000 0 T 1
 142 0.562000000000000 0 T 1
 143 0.573000000000000 0 T 1
 144 0.584000000000000 0 T 1
 145 0.595000000000000 0 T 1
 146 0.606000000000000 0 T 1
 147 0.617000000000000 0 T 1
 148 0.628000000000000 0 T 1
 149 0.639000000000000 0 T 1
 150 0.650000000000000 0 T 1
 151 0.661000000000000 0 T 1
 152 0.672000000000000 0 T 1
 153 0.683000000000000 0 T 1
 154 0.694000000000001 0 T 1
 155 0.705000000000001 0 T 1
 156 0.716000000000001 0 T 1
 157 0.727000000000001 0 T 1
 158 0.738000000000001 0 T 1
 159 0.749000000000001 0 T 1
 160 0.760000000000001 0 T 1
 161 0.771000000000001 0 T 1
 162 0.782000000000001 0 T 1
 163 0.793000000000001 0 T 1
 164 0.804000000000001 0 T 1
 165 0.815000000000001 0 T 1
 166 0.826000000000001 0 T 1
 167 0.837000000000001 0 T 1
 168 0.848000000000001 0 T 1
 169 0.859000000000001 0 T 1
 170 0.870000000000001 0 T 1
 171 0.881000000000001 0 T 1
 172 0.892000000000001 0 T 1
 173 0.903000000000001 0 T 1
 174 0.914000000000001 0 T 1
 175 0.925000000000001 0 T 1
 176 0.936000000000001 0 T 1
 177 0.947000000000001 0 T 1
 178 0.958000000000001 0 T 1
 179 0.969000000000001 0 T 1
 180 0.980000000000001 0 T 1
 181 0.991000000000001 0 T 1
 182 1.00200000000000 0 T 1
 183 1.01300000000000 0 T 1
 184 1.02400000000000 0 T 1
 185 1.03500000000000 0 T 1
 186 1.04600000000000 0 T 1
 187 1.05700000000000 0 T 1
 188 1.06800000000000 0 T 1
 189 1.07900000000000 0 T 1
 190 1.09000000000000 0 T 1
 191 1.10100000000000 0 T 1
 192 1.11200000000000 0 T 1
 193 1.12300000000000 0 T 1
 194 1.13400000000000 0 T 1
 195 1.14500000000000 0 T 1
 196 1.15600000000000 0 T 1
 197 1.16700000000000 0 T 1
 198 1.17800000000000 0 T 1
 199 1.18900000000000 0 T 1
 200 1.20000000000000 0 T 1
 201 1.21100000000000 0 T 1
 202 1.22200000000000 0 T 1
 203 1.23300000000000 0 T 1
 204 1.24400000000000 0 T 1
 205 1.25500000000000 0 T 1
 206 1.26600000000000 0 T 1
 207 1.27700000000000 0 T 1
 208 1.28800000000000 0 T 1
 209 1.29900000000000 0 T 1
 210 1.31000000000000 0 T 1
 211 1.32100000000000 0 T 1
 212 1.33200000000000 0 T 1
 213 1.34300000000000 0 T 1
 214 1.35400000000000 0 T 1
 215 1.36500000000000 0 T 1
 216 1.37600000000000 0 T 1
 217 1.38700000000000 0 T 1
 218 1.39800000000000 0 T 1
 219 1.40900000000000 0 T 1
 220 1.42000000000000 0 T 1
 221 1.43100000000000 0 T 1
 222 1.44200000000000 0 T 1
 223 1.45300000000000 0 T 1
 224 1.46400000000000 0 T 1
 225 1.47500000000000 0 T 1
 226 1.48600000000000 0 T 1
 227 1.49700000000000 0 T 1
 228 1.50800000000000 0 T 1
 229 1.51900000000000 0 T 1
 230 1.53000000000000 0 T 1
 231 1.54100000000000 0 T 1
 232 1.55200000000000 0 T 1
 233 1.56300000000000 0 T 1
 234 1.57400000000000 0 T 1
 235 1.58500000000000 0 T 1
 236 1.59600000000000 0 T 1
 237 1.60700000000000 0 T 1
 238 1.61799999999999 0 T 1
 239 1.62899999999999 0 T 1
 240 1.63999999999999 0 T 1
 241 1.65099999999999 0 T 1
 242 1.66199999999999 0 T 1
 243 1.67299999999999 0 T 1
 244 1.68399999999999 0 T 1
 245 1.69499999999999 0 T 1
 246 1.70599999999999 0 T 1
 247 1.71699999999999 0 T 1
 248 1.72799999999999 0 T 1
 249 1.73899999999999 0 T 1
 250 1.74999999999999 0 T 1
 251 1.76099999999999 0 T 1
 252 1.77199999999999 0 T 1
 253 1.78299999999999 0 T 1
 254 1.79399999999999 0 T 1
 255 1.80499999999999 0 T 1
 256 1.81599999999999 0 T 1
 257 1.82699999999999 0 T 1
 258 1.83799999999999 0 T 1
 259 1.84899999999999 0 T 1
 260 1.85999999999999 0 T 1
 261 1.87099999999999 0 T 1
 262 1.88199999999999 0 T 1
 263 1.89299999999999 0 T 1
 264 1.90399999999999 0 T 1
 265 1.91499999999999 0 T 1
 266 1.92599999999999 0 T 1
 267 1.93699999999999 0 T 1
 268 1.94799999999999 0 T 1
 269 1.95899999999999 0 T 1
 270 1.96999999999999 0 T 1
 271 1.98099999999999 0 T 1
 272 1.99199999999999 0 T 1
 273 2.00299999999999 0 T 1
 274 2.01399999999999 0 T 1
 275 2.02499999999999 0 T 1
 276 2.03599999999999 0 T 1
 277 2.04699999999999 0 T 1
 278 2.05799999999999 0 T 1
 279 2.06899999999999 0 T 1
 280 2.07999999999999 0 T 1
 281 2.09099999999999 0 T 1
 282 2.10199999999999 0 T 1
 283 2.11299999999999 0 T 1
 284 2.12399999999999 0 T 1
 285 2.13499999999999 0 T 1
 286 2.14599999999999 0 T 1
 287 2.15699999999999 0 T 1
 288 2.16799999999999 0 T 1
 289 2.17899999999999 0 T 1
 290 2.18999999999999 0 T 1
 291 2.20099999999999 0 T 1
 292 2.21199999999999 0 T 1
 293 2.22299999999999 0 T 1
 294 2.23399999999999 0 T 1
 295 2.24499999999999 0 T 1
 296 2.25599999999999 0 T 1
 297 2.26699999999999 0 T 1
 298 2.27799999999999 0 T 1
 299 2.28899999999999 0 T 1
 300 2.29999999999999 0 T 1
 301 2.31100000000000 0 T 1
 302 2.32200000000000 0 T 1
 303 2.33300000000000 0 T 1
 304 2.34400000000000 0 T 1
 305 2.35500000000000 0 T 1
 306 2.36600000000000 0 T 1
 307 2.37700000000000 0 T 1
 308 2.38800000000000 0 T 1
 309 2.39900000000000 0 T 1
 310 2.41000000000000 0 T 1
 311 2.42100000000000 0 T 1
 312 2.43200000000000 0 T 1
 313 2.44300000000000 0 T 1
 314 2.45400000000000 0 T 1
 315 2.46500000000000 0 T 1
 316 2.47600000000000 0 T 1
 317 2.48700000000000 0 T 1
 318 2.49800000000000 0 T 1
 319 2.50900000000000 0 T 1
 320 2.52000000000000 0 T 1
 321 2.53100000000000 0 T 1
 322 2.54200000000000 0 T 1
 323 2.55300000000000 0 T 1
 324 2.56400000000000 0 T 1
 325 2.57500000000000 0 T 1
 326 2.58600000000000 0 T 1
 327 2.59700000000000 0 T 1
 328 2.60800000000000 0 T 1
 329 2.61900000000000 0 T 1
 330 2.63000000000000 0 T 1
 331 2.64100000000000 0 T 1
 332 2.65200000000000 0 T 1
 333 2.66300000000000 0 T 1
 334 2.67400000000000 0 T 1
 335 2.68500000000000 0 T 1
 336 2.69600000000000 0 T 1
 337 2.70700000000000 0 T 1
 338 2.71800000000000 0 T 1
 339 2.72900000000000 0 T 1
 340 2.74000000000000 0 T 1
 341 2.75100000000000 0 T 1
 342 2.76200000000000 0 T 1
 343 2.77300000000000 0 T 1
 344 2.78400000000000 0 T 1
 345 2.79500000000000 0 T 1
 346 2.80600000000000 0 T 1
 347 2.81700000000000 0 T 1
 348 2.82800000000000 0 T 1
 349 2.83900000000000 0 T 1
 350 2.85000000000000 0 T 1
 351 2.86100000000000 0 T 1
 352 2.87200000000000 0 T 1
 353 2.88300000000000 0 T 1
 354 2.89400000000000 0 T 1
 355 2.90500000000000 0 T 1
 356 2.91600000000000 0 T 1
 357 2.92700000000000 0 T 1
 358 2.93800000000000 0 T 1
 359 2.94900000000000 0 T 1
 360 2.96000000000000 0 T 1
 361 2.97100000000000 0 T 1
 362 2.98200000000000 0 T 1
 363 2.99300000000000 0 T 1
 364 3.00400000000000 0 T 1
 365 3.01500000000000 0 T 1
 366 3.02600000000000 0 T 1
 367 3.03700000000000 0 T 1
 368 3.04800000000000 0 T 1
 369 3.05900000000000 0 T 1
 370 3.07000000000000 0 T 1
 371 3.08100000000000 0 T 1
 372 3.09200000000000 0 T 1
 373 3.10300000000000 0 T 1
 374 3.11400000000000 0 T 1
 375 3.12500000000000 0 T 1
 376 3.13600000000000 0 T 1
 377 3.14700000000000 0 T 1
 378 3.15800000000000 0 T 1
 379 3.16900000000000 0 T 1
 380 3.18000000000000 0 T 1
 381 3.19100000000000 0 T 1
 382 3.20200000000000 0 T 1
 383 3.21300000000000 0 T 1
 384 3.22400000000001 0 T 1
 385 3.23500000000001 0 T 1
 386 3.24600000000001 0 T 1
 387 3.25700000000001 0 T 1
 388 3.26800000000001 0 T 1
 389 3.27900000000001 0 T 1
 390 3.29000000000001 0 T 1
 391 3.30100000000001 0 T 1
 392 3.31200000000001 0 T 1
 393 3.32300000000001 0 T 1
 394 3.33400000000001 0 T 1
 395 3.34500000000001 0 T 1
 396 3.35600000000001 0 T 1
 397 3.36700000000001 0 T 1
 398 3.37800000000001 0 T 1
 399 3.38900000000001 0 T 1
 400 3.40000000000001 0 T 1
 401 3.41100000000001 0 T 1
 402 3.42200000000001 0 T 1
 403 3.43300000000001 0 T 1
 404 3.44400000000001 0 T 1
 405 3.45500000000001 0 T 1
 406 3.46600000000001 0 T 1
 407 3.47700000000001 0 T 1
 408 3.48800000000001 0 T 1
 409 3.49900000000001 0 T 1
 410 3.51000000000001 0 T 1
 411 3.52100000000001 0 T 1
 412 3.53200000000001 0 T 1
 413 3.54300000000001 0 T 1
 414 3.55400000000001 0 T 1
 415 3.56500000000001 0 T 1
 416 3.57600000000001 0 T 1
 417 3.58700000000001 0 T 1
 418 3.59800000000001 0 T 1
 419 3.60900000000001 0 T 1
 420 3.62000000000001 0 T 1
 421 3.63100000000001 0 T 1
 422 3.64200000000001 0 T 1
 423 3.65300000000001 0 T 1
 424 3.66400000000001 0 T 1
 425 3.67500000000001 0 T 1
 426 3.68600000000001 0 T 1
 427 3.69700000000001 0 T 1
 428 3.70800000000001 0 T 1
 429 3.71900000000001 0 T 1
 430 3.73000000000001 0 T 1
 431 3.74100000000001 0 T 1
 432 3.75200000000001 0 T 1
 433 3.76300000000001 0 T 1
 434 3.77400000000001 0 T 1
 435 3.78500000000001 0 T 1
 436 3.79600000000001 0 T 1
 437 3.80700000000001 0 T 1
 438 3.81800000000001 0 T 1
 439 3.82900000000001 0 T 1
 440 3.84000000000001 0 T 1
 441 3.85100000000001 0 T 1
 442 3.86200000000001 0 T 1
 443 3.87300000000001 0 T 1
 444 3.88400000000001 0 T 1
 445 3.89500000000001 0 T 1
 446 3.90600000000001 0 T 1
 447 3.91700000000001 0 T 1
 448 3.92800000000001 0 T 1
 449 3.93900000000001 0 T 1
 450 3.95000000000001 0 T 1
 451 3.96100000000001 0 T 1
 452 3.97200000000001 0 T 1
 453 3.98300000000001 0 T 1
 454 3.99400000000001 0 T 1
 455 4.00500000000001 0 T 1
 456 4.01600000000001 0 T 1
 457 4.02700000000001 0 T 1
 458 4.03800000000001 0 T 1
 459 4.04900000000001 0 T 1
 460 4.06000000000001 0 T 1
 461 4.07100000000001 0 T 1
 462 4.08200000000001 0 T 1
 463 4.09300000000001 0 T 1
 464 4.10400000000001 0 T 1
 465 4.11500000000001 0 T 1
 466 4.12600000000001 0 T 1
 467 4.13700000000001 0 T 1
 468 4.14800000000001 0 T 1
 469 4.15900000000001 0 T 1
 470 4.17000000000002 0 T 1
 471 4.18100000000002 0 T 1
 472 4.19200000000002 0 T 1
 473 4.20300000000002 0 T 1
 474 4.21400000000002 0 T 1
 475 4.22500000000002 0 T 1
 476 4.23600000000002 0 T 1
 477 4.24700000000002 0 T 1
 478 4.25800000000002 0 T 1
 479 4.26900000000002 0 T 1
 480 4.28000000000002 0 T 1
 481 4.29100000000002 0 T 1
 482 4.30200000000002 0 T 1
 483 4.31300000000002 0 T 1
 484 4.32400000000002 0 T 1
 485 4.33500000000002 0 T 1
 486 4.34600000000002 0 T 1
 487 4.35700000000002 0 T 1
 488 4.36800000000002 0 T 1
 489 4.37900000000002 0 T 1
 490 4.39000000000002 0 T 1
 491 4.40100000000002 0 T 1
 492 4.41200000000002 0 T 1
 493 4.42300000000002 0 T 1
 494 4.43400000000002 0 T 1
 495 4.44500000000002 0 T 1
 496 4.45600000000002 0 T 1
 497 4.46700000000002 0 T 1
 498 4.47800000000002 0 T 1
 499 4.48900000000002 0 T 1
 500 4.50000000000002 0 T 1
 501 4.51100000000002 0 T 1
 502 4.52200000000002 0 T 1
 503 4.53300000000002 0 T 1
 504 4.54400000000002 0 T 1
 505 4.55500000000002 0 T 1
 506 4.56600000000002 0 T 1
 507 4.57700000000002 0 T 1
 508 4.58800000000002 0 T 1
 509 4.59900000000002 0 T 1
 510 4.61000000000002 0 T 1
 511 4.62100000000002 0 T 1
 512 4.63200000000002 0 T 1
 513 4.64300000000002 0 T 1
 514 4.65400000000002 0 T 1
 515 4.66500000000002 0 T 1
 516 4.67600000000002 0 T 1
 517 4.68700000000002 0 T 1
 518 4.69800000000002 0 T 1
 519 4.70900000000002 0 T 1
 520 4.72000000000002 0 T 1
 521 4.73100000000002 0 T 1
 522 4.74200000000002 0 T 1
 523 4.75300000000002 0 T 1
 524 4.76400000000002 0 T 1
 525 4.77500000000002 0 T 1
 526 4.78600000000002 0 T 1
 527 4.79700000000002 0 T 1
 528 4.80800000000002 0 T 1
 529 4.81900000000002 0 T 1
 530 4.83000000000002 0 T 1
 531 4.84100000000002 0 T 1
 532 4.85200000000002 0 T 1
 533 4.86300000000002 0 T 1
 534 4.87400000000002 0 T 1
 535 4.88500000000002 0 T 1
 536 4.89600000000002 0 T 1
 537 4.90700000000002 0 T 1
 538 4.91800000000002 0 T 1
 539 4.92900000000002 0 T 1
 540 4.94000000000002 0 T 1
 541 4.95100000000002 0 T 1
 542 4.96200000000002 0 T 1
 543 4.97300000000002 0 T 1
 544 4.98400000000002 0 T 1
 545 4.99500000000002 0 T 1
 546 5.00600000000002 0 T 1
 547 5.01700000000002 0 T 1
 548 5.02800000000002 0 T 1
 549 5.03900000000002 0 T 1
 550 5.05000000000002 0 T 1
 551 5.06100000000002 0 T 1
 552 5.07200000000002 0 T 1
 553 5.08300000000003 0 T 1
 554 5.09400000000003 0 T 1
 555 5.10500000000003 0 T 1
 556 5.11600000000003 0 T 1
 557 5.12700000000003 0 T 1
 558 5.13800000000003 0 T 1
 559 5.14900000000003 0 T 1
 560 5.16000000000003 0 T 1
 561 5.17100000000003 0 T 1
 562 5.18200000000003 0 T 1
 563 5.19300000000003 0 T 1
 564 5.20400000000003 0 T 1
 565 5.21500000000003 0 T 1
 566 5.22600000000003 0 T 1
 567 5.23700000000003 0 T 1
 568 5.24800000000003 0 T 1
 569 5.25900000000003 0 T 1
 570 5.27000000000003 0 T 1
 571 5.28100000000003 0 T 1
 572 5.29200000000003 0 T 1
 573 5.30300000000003 0 T 1
 574 5.31400000000003 0 T 1
 575 5.32500000000003 0 T 1
 576 5.33600000000003 0 T 1
 577 5.34700000000003 0 T 1
 578 5.35800000000003 0 T 1
 579 5.36900000000003 0 T 1
 580 5.38000000000003 0 T 1
 581 5.39100000000003 0 T 1
 582 5.40200000000003 0 T 1
 583 5.41300000000003 0 T 1
 584 5.42400000000003 0 T 1
 585 5.43500000000003 0 T 1
 586 5.44600000000003 0 T 1
 587 5.45700000000003 0 T 1
 588 5.46800000000003 0 T 1
 589 5.47900000000003 0 T 1
 590 5.49000000000003 0 T 1
 591 5.50100000000003 0 T 1
 592 5.51200000000003 0 T 1
 593 5.52300000000003 0 T 1
 594 5.53400000000003 0 T 1
 595 5.54500000000003 0 T 1
 596 5.55600000000003 0 T 1
 597 5.56700000000003 0 T 1
 598 5.57800000000003 0 T 1
 599 5.58900000000003 0 T 1
 600 5.60000000000003 0 T 1
 601 5.61100000000003 0 T 1
 602 5.62200000000003 0 T 1
 603 5.63300000000003 0 T 1
 604 5.64400000000003 0 T 1
 605 5.65500000000003 0 T 1
 606 5.66600000000003 0 T 1
 607 5.67700000000003 0 T 1
 608 5.68800000000003 0 T 1
 609 5.69900000000003 0 T 1
 610 5.71000000000003 0 T 1
 611 5.72100000000003 0 T 1
 612 5.73200000000003 0 T 1
 613 5.74300000000003 0 T 1
 614 5.75400000000003 0 T 1
 615 5.76500000000003 0 T 1
 616 5.77600000000003 0 T 1
 617 5.78700000000003 0 T 1
 618 5.79800000000003 0 T 1
 619 5.80900000000003 0 T 1
 620 5.82000000000003 0 T 1
 621 5.83100000000003 0 T 1
 622 5.84200000000003 0 T 1
 623 5.85300000000003 0 T 1
 624 5.86400000000003 0 T 1
 625 5.87500000000003 0 T 1
 626 5.88600000000003 0 T 1
 627 5.89700000000003 0 T 1
 628 5.90800000000003 0 T 1
 629 5.91900000000003 0 T 1
 630 5.93000000000003 0 T 1
 631 5.94100000000003 0 T 1
 632 5.95200000000003 0 T 1
 633 5.96300000000003 0 T 1
 634 5.97400000000003 0 T 1
 635 5.98500000000003 0 T 1
 636 5.99600000000004 0 T 1
 637 6.00700000000004 0 T 1
 638 6.01800000000004 0 T 1
 639 6.02900000000004 0 T 1
 640 6.04000000000004 0 T 1
 641 6.05100000000004 0 T 1
 642 6.06200000000004 0 T 1
 643 6.07300000000004 0 T 1
 644 6.08400000000004 0 T 1
 645 6.09500000000004 0 T 1
 646 6.10600000000004 0 T 1
 647 6.11700000000004 0 T 1
 648 6.12800000000004 0 T 1
 649 6.13900000000004 0 T 1
 650 6.15000000000004 0 T 1
 651 6.16100000000004 0 T 1
 652 6.17200000000004 0 T 1
 653 6.18300000000004 0 T 1
 654 6.19400000000004 0 T 1
 655 6.20500000000004 0 T 1
 656 6.21600000000004 0 T 1
 657 6.22700000000004 0 T 1
 658 6.23800000000004 0 T 1
 659 6.24900000000004 0 T 1
 660 6.26000000000004 0 T 1
 661 6.27100000000004 0 T 1
 662 6.28200000000004 0 T 1
 663 6.29300000000004 0 T 1
 664 6.30400000000004 0 T 1
 665 6.31500000000004 0 T 1
 666 6.32600000000004 0 T 1
 667 6.33700000000004 0 T 1
 668 6.34800000000004 0 T 1
 669 6.35900000000004 0 T 1
 670 6.37000000000004 0 T 1
 671 6.38100000000004 0 T 1
 672 6.39200000000004 0 T 1
 673 6.40300000000004 0 T 1
 674 6.41400000000004 0 T 1
 675 6.42500000000004 0 T 1
 676 6.43600000000004 0 T 1
 677 6.44700000000004 0 T 1
 678 6.45800000000004 0 T 1
 679 6.46900000000004 0 T 1
 680 6.48000000000004 0 T 1
 681 6.49100000000004 0 T 1
 682 6.50200000000004 0 T 1
 683 6.51300000000004 0 T 1
 684 6.52400000000004 0 T 1
 685 6.53500000000004 0 T 1
 686 6.54600000000004 0 T 1
 687 6.55700000000004 0 T 1
 688 6.56800000000004 0 T 1
 689 6.57900000000004 0 T 1
 690 6.59000000000004 0 T 1
 691 6.60100000000004 0 T 1
 692 6.61200000000004 0 T 1
 693 6.62300000000004 0 T 1
 694 6.63400000000004 0 T 1
 695 6.64500000000004 0 T 1
 696 6.65600000000004 0 T 1
 697 6.66700000000004 0 T 1
 698 6.67800000000004 0 T 1
 699 6.68900000000004 0 T 1
 700 6.70000000000004 0 T 1
 701 6.71100000000004 0 T 1
 702 6.72200000000004 0 T 1
 703 6.73300000000004 0 T 1
 704 6.74400000000004 0 T 1
 705 6.75500000000004 0 T 1
 706 6.76600000000004 0 T 1
 707 6.77700000000004 0 T 1
 708 6.78800000000004 0 T 1
 709 6.79900000000004 0 T 1
 710 6.81000000000004 0 T 1
 711 6.82100000000004 0 T 1
 712 6.83200000000004 0 T 1
 713 6.84300000000004 0 T 1
 714 6.85400000000004 0 T 1
 715 6.86500000000004 0 T 1
 716 6.87600000000004 0 T 1
 717 6.88700000000004 0 T 1
 718 6.89800000000004 0 T 1
 719 6.90900000000005 0 T 1
 720 6.92000000000005 0 T 1
 721 6.93100000000005 0 T 1
 722 6.94200000000005 0 T 1
 723 6.95300000000005 0 T 1
 724 6.96400000000005 0 T 1
 725 6.97500000000005 0 T 1
 726 6.98600000000005 0 T 1
 727 6.99700000000005 0 T 1
 728 7.00800000000005 0 T 1
 729 7.01900000000005 0 T 1
 730 7.03000000000005 0 T 1
 731 7.04100000000005 0 T 1
 732 7.05200000000005 0 T 1
 733 7.06300000000005 0 T 1
 734 7.07400000000005 0 T 1
 735 7.08500000000005 0 T 1
 736 7.09600000000005 0 T 1
 737 7.10700000000005 0 T 1
 738 7.11800000000005 0 T 1
 739 7.12900000000005 0 T 1
 740 7.14000000000005 0 T 1
 741 7.15100000000005 0 T 1
 742 7.16200000000005 0 T 1
 743 7.17300000000005 0 T 1
 744 7.18400000000005 0 T 1
 745 7.19500000000005 0 T 1
 746 7.20600000000005 0 T 1
 747 7.21700000000005 0 T 1
 748 7.22800000000005 0 T 1
 749 7.23900000000005 0 T 1
 750 7.25000000000005 0 T 1
 751 7.26100000000005 0 T 1
 752 7.27200000000005 0 T 1
 753 7.28300000000005 0 T 1
 754 7.29400000000005 0 T 1
 755 7.30500000000005 0 T 1
 756 7.31600000000005 0 T 1
 757 7.32700000000005 0 T 1
 758 7.33800000000005 0 T 1
 759 7.34900000000005 0 T 1
 760 7.36000000000005 0 T 1
 761 7.37100000000005 0 T 1
 762 7.38200000000005 0 T 1
 763 7.39300000000005 0 T 1
 764 7.40400000000005 0 T 1
 765 7.41500000000005 0 T 1
 766 7.42600000000005 0 T 1
 767 7.43700000000005 0 T 1
 768 7.44800000000005 0 T 1
 769 7.45900000000005 0 T 1
 770 7.47000000000005 0 T 1
 771 7.48100000000005 0 T 1
 772 7.49200000000005 0 T 1
 773 7.50300000000005 0 T 1
 774 7.51400000000005 0 T 1
 775 7.52500000000005 0 T 1
 776 7.53600000000005 0 T 1
 777 7.54700000000005 0 T 1
 778 7.55800000000005 0 T 1
 779 7.56900000000005 0 T 1
 780 7.58000000000005 0 T 1
 781 7.59100000000005 0 T 1
 782 7.60200000000005 0 T 1
 783 7.61300000000005 0 T 1
 784 7.62400000000005 0 T 1
 785 7.63500000000005 0 T 1
 786 7.64600000000005 0 T 1
 787 7.65700000000005 0 T 1
 788 7.66800000000005 0 T 1
 789 7.67900000000005 0 T 1
 790 7.69000000000005 0 T 1
 791 7.70100000000005 0 T 1
 792 7.71200000000005 0 T 1
 793 7.72300000000005 0 T 1
 794 7.73400000000005 0 T 1
 795 7.74500000000005 0 T 1
 796 7.75600000000005 0 T 1
 797 7.76700000000005 0 T 1
 798 7.77800000000005 0 T 1
 799 7.78900000000005 0 T 1
 800 7.80000000000005 0 T 1
 801 7.81100000000006 0 T 1
 802 7.82200000000006 0 T 1
 803 7.83300000000006 0 T 1
 804 7.84400000000006 0 T 1
 805 7.85500000000006 0 T 1
 806 7.86600000000006 0 T 1
 807 7.87700000000006 0 T 1
 808 7.88800000000006 0 T 1
 809 7.89900000000006 0 T 1
 810 7.91000000000006 0 T 1
 811 7.92100000000006 0 T 1
 812 7.93200000000006 0 T 1
 813 7.94300000000006 0 T 1
 814 7.95400000000006 0 T 1
 815 7.96500000000006 0 T 1
 816 7.97600000000006 0 T 1
 817 7.98700000000006 0 T 1
 818 7.99800000000006 0 T 1
 819 8.00900000000006 0 T 1
 820 8.02000000000006 0 T 1
 821 8.03100000000006 0 T 1
 822 8.04200000000005 0 T 1
 823 8.05300000000005 0 T 1
 824 8.06400000000005 0 T 1
 825 8.07500000000005 0 T 1
 826 8.08600000000005 0 T 1
 827 8.09700000000005 0 T 1
 828 8.10800000000005 0 T 1
 829 8.11900000000005 0 T 1
 830 8.13000000000005 0 T 1
 831 8.14100000000005 0 T 1
 832 8.15200000000005 0 T 1
 833 8.16300000000005 0 T 1
 834 8.17400000000005 0 T 1
 835 8.18500000000004 0 T 1
 836 8.19600000000004 0 T 1
 837 8.20700000000004 0 T 1
 838 8.21800000000004 0 T 1
 839 8.22900000000004 0 T 1
 840 8.24000000000004 0 T 1
 841 8.25100000000004 0 T 1
 842 8.26200000000004 0 T 1
 843 8.27300000000004 0 T 1
 844 8.28400000000004 0 T 1
 845 8.29500000000004 0 T 1
 846 8.30600000000004 0 T 1
 847 8.31700000000004 0 T 1
 848 8.32800000000003 0 T 1
 849 8.33900000000003 0 T 1
 850 8.35000000000003 0 T 1
 851 8.36100000000003 0 T 1
 852 8.37200000000003 0 T 1
 853 8.38300000000003 0 T 1
 854 8.39400000000003 0 T 1
 855 8.40500000000003 0 T 1
 856 8.41600000000003 0 T 1
 857 8.42700000000003 0 T 1
 858 8.43800000000003 0 T 1
 859 8.44900000000003 0 T 1
 860 8.46000000000003 0 T 1
 861 8.47100000000002 0 T 1
 862 8.48200000000002 0 T 1
 863 8.49300000000002 0 T 1
 864 8.50400000000002 0 T 1
 865 8.51500000000002 0 T 1
 866 8.52600000000002 0 T 1
 867 8.53700000000002 0 T 1
 868 8.54800000000002 0 T 1
 869 8.55900000000002 0 T 1
 870 8.57000000000002 0 T 1
 871 8.58100000000002 0 T 1
 872 8.59200000000002 0 T 1
 873 8.60300000000002 0 T 1
 874 8.61400000000001 0 T 1
 875 8.62500000000001 0 T 1
 876 8.63600000000001 0 T 1
 877 8.64700000000001 0 T 1
 878 8.65800000000001 0 T 1
 879 8.66900000000001 0 T 1
 880 8.68000000000001 0 T 1
 881 8.69100000000001 0 T 1
 882 8.70200000000001 0 T 1
 883 8.71300000000001 0 T 1
 884 8.72400000000001 0 T 1
 885 8.73500000000001 0 T 1
 886 8.74600000000001 0 T 1
 887 8.75700000000001 0 T 1
 888 8.76800000000000 0 T 1
 889 8.77900000000000 0 T 1
 890 8.79000000000000 0 T 1
 891 8.80100000000000 0 T 1
 892 8.81200000000000 0 T 1
 893 8.82300000000000 0 T 1
 894 8.83400000000000 0 T 1
 895 8.84500000000000 0 T 1
 896 8.85600000000000 0 T 1
 897 8.86700000000000 0 T 1
 898 8.87800000000000 0 T 1
 899 8.88900000000000 0 T 1
 900 8.90000000000000 0 T 1
 901 8.91099999999999 0 T 1
 902 8.92199999999999 0 T 1
 903 8.93299999999999 0 T 1
 904 8.94399999999999 0 T 1
 905 8.95499999999999 0 T 1
 906 8.96599999999999 0 T 1
 907 8.97699999999999 0 T 1
 908 8.98799999999999 0 T 1
 909 8.99899999999999 0 T 1
 910 9.00999999999999 0 T 1
 911 9.02099999999999 0 T 1
 912 9.03199999999999 0 T 1
 913 9.04299999999999 0 T 1
 914 9.05399999999998 0 T 1
 915 9.06499999999998 0 T 1
 916 9.07599999999998 0 T 1
 917 9.08699999999998 0 T 1
 918 9.09799999999998 0 T 1
 919 9.10899999999998 0 T 1
 920 9.11999999999998 0 T 1
 921 9.13099999999998 0 T 1
 922 9.14199999999998 0 T 1
 923 9.15299999999998 0 T 1
 924 9.16399999999998 0 T 1
 925 9.17499999999998 0 T 1
 926 9.18599999999998 0 T 1
 927 9.19699999999997 0 T 1
 928 9.20799999999997 0 T 1
 929 9.21899999999997 0 T 1
 930 9.22999999999997 0 T 1
 931 9.24099999999997 0 T 1
 932 9.25199999999997 0 T 1
 933 9.26299999999997 0 T 1
 934 9.27399999999997 0 T 1
 935 9.28499999999997 0 T 1
 936 9.29599999999997 0 T 1
 937 9.30699999999997 0 T 1
 938 9.31799999999997 0 T 1
 939 9.32899999999997 0 T 1
 940 9.33999999999996 0 T 1
 941 9.35099999999996 0 T 1
 942 9.36199999999996 0 T 1
 943 9.37299999999996 0 T 1
 944 9.38399999999996 0 T 1
 945 9.39499999999996 0 T 1
 946 9.40599999999996 0 T 1
 947 9.41699999999996 0 T 1
 948 9.42799999999996 0 T 1
 949 9.43899999999996 0 T 1
 950 9.44999999999996 0 T 1
 951 9.46099999999996 0 T 1
 952 9.47199999999996 0 T 1
 953 9.48299999999995 0 T 1
 954 9.49399999999995 0 T 1
 955 9.50499999999995 0 T 1
 956 9.51599999999995 0 T 1
 957 9.52699999999995 0 T 1
 958 9.53799999999995 0 T 1
 959 9.54899999999995 0 T 1
 960 9.55999999999995 0 T 1
 961 9.57099999999995 0 T 1
 962 9.58199999999995 0 T 1
 963 9.59299999999995 0 T 1
 964 9.60399999999995 0 T 1
 965 9.61499999999995 0 T 1
 966 9.62599999999994 0 T 1
 967 9.63699999999994 0 T 1
 968 9.64799999999994 0 T 1
 969 9.65899999999994 0 T 1
 970 9.66999999999994 0 T 1
 971 9.68099999999994 0 T 1
 972 9.69199999999994 0 T 1
 973 9.70299999999994 0 T 1
 974 9.71399999999994 0 T 1
 975 9.72499999999994 0 T 1
 976 9.73599999999994 0 T 1
 977 9.74699999999994 0 T 1
 978 9.75799999999994 0 T 1
 979 9.76899999999993 0 T 1
 980 9.77999999999993 0 T 1
 981 9.79099999999993 0 T 1
 982 9.80199999999993 0 T 1
 983 9.81299999999993 0 T 1
 984 9.82399999999993 0 T 1
 985 9.83499999999993 0 T 1
 986 9.84599999999993 0 T 1
 987 9.85699999999993 0 T 1
 988 9.86799999999993 0 T 1
 989 9.87899999999993 0 T 1
 990 9.88999999999993 0 T 1
 991 9.90099999999993 0 T 1
 992 9.91199999999992 0 T 1
 993 9.92299999999992 0 T 1
 994 9.93399999999992 0 T 1
 995 9.94499999999992 0 T 1
 996 9.95599999999992 0 T 1
 997 9.96699999999992 0 T 1
 998 9.97799999999992 0 T 1
 999 9.98899999999992 0 T 1
 1000 9.99999999999992 0 T 1
