Increment Time CutbackLevel Converged IterationsNeeded
 1 0.300000000000000 0 T 3
 2 0.600000000000000 0 T 1
 3 0.900000000000000 0 T 1
 4 1.20000000000000 0 T 1
 5 1.50000000000000 0 T 1
 6 1.80000000000000 0 T 1
 7 2.10000000000000 0 T 1
 8 2.40000000000000 0 T 1
 9 2.70000000000000 0 T 1
 10 3.00000000000000 0 T 1
 11 3.30000000000000 0 T 1
 12 3.60000000000000 0 T 1
 13 3.90000000000000 0 T 1
 14 4.20000000000000 0 T 1
 15 4.50000000000000 0 T 1
 16 4.80000000000000 0 T 2
 17 5.10000000000000 0 T 2
 18 5.40000000000000 0 T 2
 19 5.70000000000000 0 T 2
 20 6.00000000000000 0 T 2
 21 6.58666666666667 0 T 3
 22 7.17333333333333 0 T 3
 23 7.76000000000000 0 T 3
 24 8.34666666666667 0 T 2
 25 8.93333333333333 0 T 2
 26 9.52000000000000 0 T 2
 27 10.1066666666667 0 T 2
 28 10.6933333333333 0 T 2
 29 11.2800000000000 0 T 2
 30 11.8666666666667 0 T 2
 31 12.4533333333333 0 T 2
 32 13.0400000000000 0 T 2
 33 13.6266666666667 0 T 2
 34 14.2133333333333 0 T 2
 35 14.8000000000000 0 T 2
 36 15.3866666666667 0 T 2
 37 15.9733333333333 0 T 1
 38 16.5600000000000 0 T 1
 39 17.1466666666667 0 T 2
 40 17.7333333333333 0 T 1
 41 18.3200000000000 0 T 1
 42 18.9066666666667 0 T 1
 43 19.4933333333333 0 T 1
 44 20.0800000000000 0 T 1
 45 20.6666666666667 0 T 1
 46 21.2533333333333 0 T 1
 47 21.8400000000000 0 T 1
 48 22.4266666666667 0 T 1
 49 23.0133333333333 0 T 1
 50 23.6000000000000 0 T 1
 51 24.1866666666666 0 T 1
 52 24.7733333333333 0 T 1
 53 25.3600000000000 0 T 1
 54 25.9466666666666 0 T 1
 55 26.5333333333333 0 T 1
 56 27.1200000000000 0 T 1
 57 27.7066666666666 0 T 1
 58 28.2933333333333 0 T 1
 59 28.8800000000000 0 T 1
 60 29.4666666666666 0 T 1
 61 30.0533333333333 0 T 1
 62 30.6400000000000 0 T 1
 63 31.2266666666666 0 T 1
 64 31.8133333333333 0 T 1
 65 32.4000000000000 0 T 1
 66 32.9866666666666 0 T 1
 67 33.5733333333333 0 T 1
 68 34.1600000000000 0 T 1
 69 34.7466666666666 0 T 1
 70 35.3333333333333 0 T 1
 71 35.9200000000000 0 T 1
 72 36.5066666666666 0 T 1
 73 37.0933333333333 0 T 1
 74 37.6800000000000 0 T 1
 75 38.2666666666666 0 T 1
 76 38.8533333333333 0 T 1
 77 39.4400000000000 0 T 1
 78 40.0266666666666 0 T 1
 79 40.6133333333333 0 T 1
 80 41.2000000000000 0 T 1
 81 41.7866666666666 0 T 1
 82 42.3733333333333 0 T 1
 83 42.9600000000000 0 T 1
 84 43.5466666666666 0 T 1
 85 44.1333333333333 0 T 1
 86 44.7200000000000 0 T 1
 87 45.3066666666666 0 T 1
 88 45.8933333333333 0 T 1
 89 46.4800000000000 0 T 1
 90 47.0666666666666 0 T 1
 91 47.6533333333333 0 T 1
 92 48.2400000000000 0 T 1
 93 48.8266666666666 0 T 1
 94 49.4133333333333 0 T 1
 95 50.0000000000000 0 T 1
 96 84.5000000000000 0 T 12
 97 119.000000000000 0 T 11
 98 153.500000000000 0 T 10
 99 188.000000000000 0 T 10
 100 222.500000000000 0 T 9
 101 257.000000000000 0 T 9
 102 291.500000000000 0 T 9
 103 326.000000000000 0 T 9
 104 360.500000000000 0 T 9
 105 395.000000000000 0 T 9
 106 429.500000000000 0 T 8
 107 464.000000000000 0 T 8
 108 498.500000000000 0 T 8
 109 533.000000000000 0 T 8
 110 567.500000000000 0 T 8
 111 602.000000000000 0 T 8
 112 636.500000000000 0 T 8
 113 671.000000000000 0 T 8
 114 705.500000000000 0 T 8
 115 740.000000000000 0 T 8
 116 774.500000000000 0 T 8
 117 809.000000000000 0 T 8
 118 843.500000000000 0 T 8
 119 878.000000000000 0 T 8
 120 912.500000000000 0 T 8
 121 947.000000000000 0 T 8
 122 981.500000000000 0 T 8
 123 1016.00000000000 0 T 8
 124 1050.50000000000 0 T 8
 125 1085.00000000000 0 T 8
 126 1119.50000000000 0 T 7
 127 1154.00000000000 0 T 8
 128 1188.50000000000 0 T 7
 129 1223.00000000000 0 T 7
 130 1257.50000000000 0 T 7
 131 1292.00000000000 0 T 7
 132 1326.50000000000 0 T 7
 133 1361.00000000000 0 T 7
 134 1395.50000000000 0 T 7
 135 1430.00000000000 0 T 7
 136 1464.50000000000 0 T 7
 137 1499.00000000000 0 T 7
 138 1533.50000000000 0 T 7
 139 1568.00000000000 0 T 7
 140 1602.50000000000 0 T 7
 141 1637.00000000000 0 T 7
 142 1671.50000000000 0 T 7
 143 1706.00000000000 0 T 7
 144 1740.50000000000 0 T 7
 145 1775.00000000000 0 T 7
 146 1844.00000000000 0 T 12
 147 1913.00000000000 0 T 13
 148 1982.00000000000 0 T 13
 149 2051.00000000000 0 T 13
 150 2120.00000000000 0 T 13
 151 2189.00000000000 0 T 13
 152 2258.00000000000 0 T 13
 153 2327.00000000000 0 T 13
 154 2396.00000000000 0 T 13
 155 2465.00000000000 0 T 13
 156 2534.00000000000 0 T 13
 157 2603.00000000000 0 T 14
 158 2672.00000000000 0 T 14
 159 2741.00000000000 0 T 14
 160 2810.00000000000 0 T 14
 161 2879.00000000000 0 T 14
 162 2948.00000000000 0 T 14
 163 3017.00000000000 0 T 14
 164 3086.00000000000 0 T 14
 165 3155.00000000000 0 T 14
 166 3224.00000000000 0 T 14
 167 3293.00000000000 0 T 14
 168 3362.00000000000 0 T 15
 169 3431.00000000000 0 T 15
 170 3500.00000000000 0 T 15
