Increment Time CutbackLevel Converged IterationsNeeded
 1 0.500000000000000 0 T 3
 2 1.00000000000000 0 T 8
 3 1.50000000000000 0 T 9
 4 2.00000000000000 0 T 8
 5 2.50000000000000 0 T 7
 6 3.00000000000000 0 T 7
 7 3.50000000000000 0 T 6
 8 4.00000000000000 0 T 5
 9 4.50000000000000 0 T 5
 10 5.00000000000000 0 T 4
 11 5.50000000000000 0 T 4
 12 6.00000000000000 0 T 4
 13 6.50000000000000 0 T 3
 14 7.00000000000000 0 T 3
 15 7.50000000000000 0 T 3
 16 8.00000000000000 0 T 3
 17 8.50000000000000 0 T 2
 18 9.00000000000000 0 T 2
 19 9.50000000000000 0 T 2
 20 10.0000000000000 0 T 2
 21 10.5000000000000 0 T 2
 22 11.0000000000000 0 T 2
 23 11.5000000000000 0 T 2
 24 12.0000000000000 0 T 2
 25 12.5000000000000 0 T 2
 26 13.0000000000000 0 T 2
 27 13.5000000000000 0 T 1
 28 14.0000000000000 0 T 2
 29 14.5000000000000 0 T 1
 30 15.0000000000000 0 T 2
 31 15.5000000000000 0 T 1
 32 16.0000000000000 0 T 2
 33 16.5000000000000 0 T 1
 34 17.0000000000000 0 T 2
 35 17.5000000000000 0 T 1
 36 18.0000000000000 0 T 1
 37 18.5000000000000 0 T 2
 38 19.0000000000000 0 T 1
 39 19.5000000000000 0 T 1
 40 20.0000000000000 0 T 1
 41 20.5000000000000 0 T 2
 42 21.0000000000000 0 T 1
 43 21.5000000000000 0 T 1
 44 22.0000000000000 0 T 1
 45 22.5000000000000 0 T 2
 46 23.0000000000000 0 T 1
 47 23.5000000000000 0 T 1
 48 24.0000000000000 0 T 1
 49 24.5000000000000 0 T 1
 50 25.0000000000000 0 T 1
 51 25.5000000000000 0 T 1
 52 26.0000000000000 0 T 2
 53 26.5000000000000 0 T 1
 54 27.0000000000000 0 T 1
 55 27.5000000000000 0 T 1
 56 28.0000000000000 0 T 1
 57 28.5000000000000 0 T 1
 58 29.0000000000000 0 T 1
 59 29.5000000000000 0 T 1
 60 30.0000000000000 0 T 2
 61 30.5000000000000 0 T 1
 62 31.0000000000000 0 T 1
 63 31.5000000000000 0 T 1
 64 32.0000000000000 0 T 1
 65 32.5000000000000 0 T 1
 66 33.0000000000000 0 T 1
 67 33.5000000000000 0 T 1
 68 34.0000000000000 0 T 2
 69 34.5000000000000 0 T 1
 70 35.0000000000000 0 T 1
 71 35.5000000000000 0 T 1
 72 36.0000000000000 0 T 1
 73 36.5000000000000 0 T 1
 74 37.0000000000000 0 T 1
 75 37.5000000000000 0 T 1
 76 38.0000000000000 0 T 1
 77 38.5000000000000 0 T 1
 78 39.0000000000000 0 T 2
 79 39.5000000000000 0 T 1
 80 40.0000000000000 0 T 1
 81 40.5000000000000 0 T 1
 82 41.0000000000000 0 T 1
 83 41.5000000000000 0 T 1
 84 42.0000000000000 0 T 1
 85 42.5000000000000 0 T 1
 86 43.0000000000000 0 T 1
 87 43.5000000000000 0 T 1
 88 44.0000000000000 0 T 2
 89 44.5000000000000 0 T 1
 90 45.0000000000000 0 T 1
 91 45.5000000000000 0 T 1
 92 46.0000000000000 0 T 1
 93 46.5000000000000 0 T 1
 94 47.0000000000000 0 T 1
 95 47.5000000000000 0 T 1
 96 48.0000000000000 0 T 1
 97 48.5000000000000 0 T 1
 98 49.0000000000000 0 T 1
 99 49.5000000000000 0 T 1
 100 50.0000000000000 0 T 1
 101 50.5000000000000 0 T 1
 102 51.0000000000000 0 T 1
 103 51.5000000000000 0 T 1
 104 52.0000000000000 0 T 1
 105 52.5000000000000 0 T 1
 106 53.0000000000000 0 T 1
 107 53.5000000000000 0 T 1
 108 54.0000000000000 0 T 1
 109 54.5000000000000 0 T 1
 110 55.0000000000000 0 T 1
 111 55.5000000000000 0 T 1
 112 56.0000000000000 0 T 1
 113 56.5000000000000 0 T 1
 114 57.0000000000000 0 T 1
 115 57.5000000000000 0 T 1
 116 58.0000000000000 0 T 1
 117 58.5000000000000 0 T 1
 118 59.0000000000000 0 T 1
 119 59.5000000000000 0 T 1
 120 60.0000000000000 0 T 1
 121 60.5000000000000 0 T 1
 122 61.0000000000000 0 T 1
 123 61.5000000000000 0 T 1
 124 62.0000000000000 0 T 1
 125 62.5000000000000 0 T 1
 126 63.0000000000000 0 T 1
 127 63.5000000000000 0 T 1
 128 64.0000000000000 0 T 1
 129 64.5000000000000 0 T 1
 130 65.0000000000000 0 T 1
 131 65.5000000000000 0 T 1
 132 66.0000000000000 0 T 1
 133 66.5000000000000 0 T 1
 134 67.0000000000000 0 T 1
 135 67.5000000000000 0 T 1
 136 68.0000000000000 0 T 1
 137 68.5000000000000 0 T 1
 138 69.0000000000000 0 T 1
 139 69.5000000000000 0 T 1
 140 70.0000000000000 0 T 1
 141 70.5000000000000 0 T 1
 142 71.0000000000000 0 T 1
 143 71.5000000000000 0 T 1
 144 72.0000000000000 0 T 1
 145 72.5000000000000 0 T 1
 146 73.0000000000000 0 T 1
 147 73.5000000000000 0 T 1
 148 74.0000000000000 0 T 1
 149 74.5000000000000 0 T 1
 150 75.0000000000000 0 T 1
 151 75.5000000000000 0 T 1
 152 76.0000000000000 0 T 1
 153 76.5000000000000 0 T 1
 154 77.0000000000000 0 T 1
 155 77.5000000000000 0 T 1
 156 78.0000000000000 0 T 1
 157 78.5000000000000 0 T 1
 158 79.0000000000000 0 T 1
 159 79.5000000000000 0 T 1
 160 80.0000000000000 0 T 1
 161 80.5000000000000 0 T 1
 162 81.0000000000000 0 T 1
 163 81.5000000000000 0 T 1
 164 82.0000000000000 0 T 1
 165 82.5000000000000 0 T 1
 166 83.0000000000000 0 T 1
 167 83.5000000000000 0 T 1
 168 84.0000000000000 0 T 1
 169 84.5000000000000 0 T 1
 170 85.0000000000000 0 T 1
 171 85.5000000000000 0 T 1
 172 86.0000000000000 0 T 1
 173 86.5000000000000 0 T 1
 174 87.0000000000000 0 T 1
 175 87.5000000000000 0 T 1
 176 88.0000000000000 0 T 1
 177 88.5000000000000 0 T 1
 178 89.0000000000000 0 T 1
 179 89.5000000000000 0 T 1
 180 90.0000000000000 0 T 1
 181 90.5000000000000 0 T 1
 182 91.0000000000000 0 T 1
 183 91.5000000000000 0 T 1
 184 92.0000000000000 0 T 1
 185 92.5000000000000 0 T 1
 186 93.0000000000000 0 T 1
 187 93.5000000000000 0 T 1
 188 94.0000000000000 0 T 1
 189 94.5000000000000 0 T 1
 190 95.0000000000000 0 T 1
 191 95.5000000000000 0 T 1
 192 96.0000000000000 0 T 1
 193 96.5000000000000 0 T 1
 194 97.0000000000000 0 T 1
 195 97.5000000000000 0 T 1
 196 98.0000000000000 0 T 1
 197 98.5000000000000 0 T 1
 198 99.0000000000000 0 T 1
 199 99.5000000000000 0 T 1
 200 100.000000000000 0 T 1
